#-----------------------------------------------------------
# Vivado v2019.1 (64-bit)
# SW Build 2552052 on Fri May 24 14:49:42 MDT 2019
# IP Build 2548770 on Fri May 24 18:01:18 MDT 2019
# Start of session at: Mon Oct  4 15:59:10 2021
# Process ID: 10812
# Current directory: D:/EBAES/assignments/ABAES-miniProject-graphicsRenderer/GraphicRenderer
# Command line: vivado.exe -gui_launcher_event rodinguilauncherevent15680 D:\EBAES\assignments\ABAES-miniProject-graphicsRenderer\GraphicRenderer\GraphicRenderer.xpr
# Log file: D:/EBAES/assignments/ABAES-miniProject-graphicsRenderer/GraphicRenderer/vivado.log
# Journal file: D:/EBAES/assignments/ABAES-miniProject-graphicsRenderer/GraphicRenderer\vivado.jou
#-----------------------------------------------------------
start_gui
open_project D:/EBAES/assignments/ABAES-miniProject-graphicsRenderer/GraphicRenderer/GraphicRenderer.xpr
CRITICAL WARNING: [Project 1-19] Could not find the file 'D:/EBAES/assignments/ABAES-miniProject-graphicsRenderer/MatlabBuildRootTest1/archive_project_summary.txt'.
Scanning sources...
Finished scanning sources
WARNING: [filemgmt 56-3] IP Repository Path: Could not find the directory 'D:/../../../../../../sources/vivado/EAAES_Fall_20/EAAES_IP_repo'.
INFO: [IP_Flow 19-234] Refreshing IP repositories
WARNING: [IP_Flow 19-2248] Failed to load user IP repository 'd:/sources/vivado/EAAES_Fall_20/EAAES_IP_repo'; Can't find the specified path.
If this directory should no longer be in your list of user repositories, go to the IP Settings dialog and remove it.
INFO: [IP_Flow 19-2313] Loaded Vivado IP repository 'D:/Xilinx/Vivado/2019.1/data/ip'.
open_project: Time (s): cpu = 00:00:17 ; elapsed = 00:00:08 . Memory (MB): peak = 807.383 ; gain = 151.617
update_compile_order -fileset sources_1
open_bd_design {D:/EBAES/assignments/ABAES-miniProject-graphicsRenderer/GraphicRenderer/GraphicRenderer.srcs/sources_1/bd/mainBD/mainBD.bd}
Adding component instance block -- xilinx.com:ip:processing_system7:5.5 - processing_system7_0
Adding component instance block -- xilinx.com:ip:axi_gpio:2.0 - axi_gpio_2
Adding component instance block -- xilinx.com:ip:axi_interconnect:2.1 - axi_interconnect_0
Adding component instance block -- xilinx.com:ip:axi_crossbar:2.1 - xbar
Adding component instance block -- xilinx.com:ip:axi_protocol_converter:2.1 - auto_pc
Adding component instance block -- xilinx.com:ip:axi_protocol_converter:2.1 - auto_pc
Adding component instance block -- xilinx.com:ip:axi_protocol_converter:2.1 - auto_pc
Adding component instance block -- xilinx.com:ip:axi_protocol_converter:2.1 - auto_pc
Adding component instance block -- xilinx.com:ip:axi_protocol_converter:2.1 - auto_pc
Adding component instance block -- xilinx.com:ip:axi_uart16550:2.0 - axi_uart16550_0
Adding component instance block -- xilinx.com:ip:axi_uartlite:2.0 - axi_uartlite_0
Adding component instance block -- xilinx.com:ip:clk_wiz:6.0 - clk_wiz_0
Adding component instance block -- xilinx.com:ip:proc_sys_reset:5.0 - proc_sys_reset_0
Adding component instance block -- xilinx.com:ip:xadc_wiz:3.3 - xadc_wiz_0
Adding component instance block -- xilinx.com:ip:xlconcat:2.1 - xlconcat_0
Adding component instance block -- xilinx.com:ip:xlconstant:1.1 - xlconstant_0
Adding component instance block -- xilinx.com:ip:xlconstant:1.1 - xlconstant_1
Adding component instance block -- xilinx.com:ip:proc_sys_reset:5.0 - rst_ps7_0_100M
Successfully read diagram <mainBD> from BD file <D:/EBAES/assignments/ABAES-miniProject-graphicsRenderer/GraphicRenderer/GraphicRenderer.srcs/sources_1/bd/mainBD/mainBD.bd>
open_bd_design: Time (s): cpu = 00:00:12 ; elapsed = 00:00:08 . Memory (MB): peak = 910.926 ; gain = 47.172
WARNING: [Board 49-26] cannot add Board Part digilentinc.com:arty-a7-100:part0:1.0 available at C:/Users/keanu/AppData/Roaming/Xilinx/Vivado/2019.1/xhub/board_store/XilinxBoardStore/Vivado/2019.1/boards/Digilent/arty-a7-100/E.0/1.0/board.xml as part xc7a100tcsg324-1 specified in board_part file is either invalid or not available
WARNING: [Board 49-26] cannot add Board Part digilentinc.com:arty-a7-35:part0:1.0 available at C:/Users/keanu/AppData/Roaming/Xilinx/Vivado/2019.1/xhub/board_store/XilinxBoardStore/Vivado/2019.1/boards/Digilent/arty-a7-35/E.0/1.0/board.xml as part xc7a35ticsg324-1l specified in board_part file is either invalid or not available
WARNING: [Board 49-26] cannot add Board Part digilentinc.com:arty-s7-25:part0:1.0 available at C:/Users/keanu/AppData/Roaming/Xilinx/Vivado/2019.1/xhub/board_store/XilinxBoardStore/Vivado/2019.1/boards/Digilent/arty-s7-25/E.0/1.0/board.xml as part xc7s25csga324-1 specified in board_part file is either invalid or not available
WARNING: [Board 49-26] cannot add Board Part digilentinc.com:arty-s7-50:part0:1.0 available at C:/Users/keanu/AppData/Roaming/Xilinx/Vivado/2019.1/xhub/board_store/XilinxBoardStore/Vivado/2019.1/boards/Digilent/arty-s7-50/B.0/1.0/board.xml as part xc7s50csga324-1 specified in board_part file is either invalid or not available
WARNING: [Board 49-26] cannot add Board Part digilentinc.com:arty:part0:1.1 available at C:/Users/keanu/AppData/Roaming/Xilinx/Vivado/2019.1/xhub/board_store/XilinxBoardStore/Vivado/2019.1/boards/Digilent/arty/C.0/1.1/board.xml as part xc7a35ticsg324-1l specified in board_part file is either invalid or not available
WARNING: [Board 49-26] cannot add Board Part digilentinc.com:basys3:part0:1.1 available at C:/Users/keanu/AppData/Roaming/Xilinx/Vivado/2019.1/xhub/board_store/XilinxBoardStore/Vivado/2019.1/boards/Digilent/basys3/C.0/1.1/board.xml as part xc7a35tcpg236-1 specified in board_part file is either invalid or not available
WARNING: [Board 49-26] cannot add Board Part digilentinc.com:cmod-s7-25:part0:1.0 available at C:/Users/keanu/AppData/Roaming/Xilinx/Vivado/2019.1/xhub/board_store/XilinxBoardStore/Vivado/2019.1/boards/Digilent/cmod-s7-25/B.0/1.0/board.xml as part xc7s25csga225-1 specified in board_part file is either invalid or not available
WARNING: [Board 49-26] cannot add Board Part digilentinc.com:cmod_a7-15t:part0:1.1 available at C:/Users/keanu/AppData/Roaming/Xilinx/Vivado/2019.1/xhub/board_store/XilinxBoardStore/Vivado/2019.1/boards/Digilent/cmod_a7-15t/B.0/1.1/board.xml as part xc7a15tcpg236-1 specified in board_part file is either invalid or not available
WARNING: [Board 49-26] cannot add Board Part digilentinc.com:cmod_a7-35t:part0:1.1 available at C:/Users/keanu/AppData/Roaming/Xilinx/Vivado/2019.1/xhub/board_store/XilinxBoardStore/Vivado/2019.1/boards/Digilent/cmod_a7-35t/B.0/1.1/board.xml as part xc7a35tcpg236-1 specified in board_part file is either invalid or not available
WARNING: [Board 49-26] cannot add Board Part digilentinc.com:genesys2:part0:1.1 available at C:/Users/keanu/AppData/Roaming/Xilinx/Vivado/2019.1/xhub/board_store/XilinxBoardStore/Vivado/2019.1/boards/Digilent/genesys2/H/1.1/board.xml as part xc7k325tffg900-2 specified in board_part file is either invalid or not available
WARNING: [Board 49-26] cannot add Board Part digilentinc.com:nexys4:part0:1.1 available at C:/Users/keanu/AppData/Roaming/Xilinx/Vivado/2019.1/xhub/board_store/XilinxBoardStore/Vivado/2019.1/boards/Digilent/nexys4/B.1/1.1/board.xml as part xc7a100tcsg324-1 specified in board_part file is either invalid or not available
WARNING: [Board 49-26] cannot add Board Part digilentinc.com:nexys4_ddr:part0:1.1 available at C:/Users/keanu/AppData/Roaming/Xilinx/Vivado/2019.1/xhub/board_store/XilinxBoardStore/Vivado/2019.1/boards/Digilent/nexys4_ddr/C.1/1.1/board.xml as part xc7a100tcsg324-1 specified in board_part file is either invalid or not available
WARNING: [Board 49-26] cannot add Board Part digilentinc.com:nexys_video:part0:1.1 available at C:/Users/keanu/AppData/Roaming/Xilinx/Vivado/2019.1/xhub/board_store/XilinxBoardStore/Vivado/2019.1/boards/Digilent/nexys_video/A.0/1.1/board.xml as part xc7a200tsbg484-1 specified in board_part file is either invalid or not available
WARNING: [Board 49-26] cannot add Board Part digilentinc.com:sword:part0:1.0 available at C:/Users/keanu/AppData/Roaming/Xilinx/Vivado/2019.1/xhub/board_store/XilinxBoardStore/Vivado/2019.1/boards/Digilent/sword/C.0/1.0/board.xml as part xc7k325tffg900-2 specified in board_part file is either invalid or not available
WARNING: [Board 49-26] cannot add Board Part em.avnet.com:ultra96:part0:1.2 available at C:/Users/keanu/AppData/Roaming/Xilinx/Vivado/2019.1/xhub/board_store/XilinxBoardStore/Vivado/2019.1/boards/Avnet/ultra96/1.2/1.2/board.xml as part xczu3eg-sbva484-1-e specified in board_part file is either invalid or not available
WARNING: [Board 49-26] cannot add Board Part trenz.biz:te0712_100_1i:part0:1.0 available at C:/Users/keanu/AppData/Roaming/Xilinx/Vivado/2019.1/xhub/board_store/XilinxBoardStore/Vivado/2019.1/boards/Trenz_Electronic/TE0712_100_1I/1.0/1.0/board.xml as part xc7a100tfgg484-1 specified in board_part file is either invalid or not available
WARNING: [Board 49-26] cannot add Board Part trenz.biz:te0712_100_2c:part0:1.0 available at C:/Users/keanu/AppData/Roaming/Xilinx/Vivado/2019.1/xhub/board_store/XilinxBoardStore/Vivado/2019.1/boards/Trenz_Electronic/TE0712_100_2C/1.0/1.0/board.xml as part xc7a100tfgg484-2 specified in board_part file is either invalid or not available
WARNING: [Board 49-26] cannot add Board Part trenz.biz:te0712_100_2c:part0:2.0 available at C:/Users/keanu/AppData/Roaming/Xilinx/Vivado/2019.1/xhub/board_store/XilinxBoardStore/Vivado/2019.1/boards/Trenz_Electronic/TE0712_100_2C/2.0/2.0/board.xml as part xc7a100tfgg484-2 specified in board_part file is either invalid or not available
WARNING: [Board 49-26] cannot add Board Part trenz.biz:te0712_200_1i:part0:1.0 available at C:/Users/keanu/AppData/Roaming/Xilinx/Vivado/2019.1/xhub/board_store/XilinxBoardStore/Vivado/2019.1/boards/Trenz_Electronic/TE0712_200_1I/1.0/1.0/board.xml as part xc7a200tfbg484-1 specified in board_part file is either invalid or not available
WARNING: [Board 49-26] cannot add Board Part trenz.biz:te0712_200_2c:part0:1.0 available at C:/Users/keanu/AppData/Roaming/Xilinx/Vivado/2019.1/xhub/board_store/XilinxBoardStore/Vivado/2019.1/boards/Trenz_Electronic/TE0712_200_2C/1.0/1.0/board.xml as part xc7a200tfbg484-2 specified in board_part file is either invalid or not available
WARNING: [Board 49-26] cannot add Board Part trenz.biz:te0712_200_2i:part0:1.0 available at C:/Users/keanu/AppData/Roaming/Xilinx/Vivado/2019.1/xhub/board_store/XilinxBoardStore/Vivado/2019.1/boards/Trenz_Electronic/TE0712_200_2I/1.0/1.0/board.xml as part xc7a200tfbg484-2 specified in board_part file is either invalid or not available
WARNING: [Board 49-26] cannot add Board Part trenz.biz:te0712_35_2i:part0:1.0 available at C:/Users/keanu/AppData/Roaming/Xilinx/Vivado/2019.1/xhub/board_store/XilinxBoardStore/Vivado/2019.1/boards/Trenz_Electronic/TE0712_35_2I/1.0/1.0/board.xml as part xc7a35tfgg484-2 specified in board_part file is either invalid or not available
WARNING: [Board 49-26] cannot add Board Part trenz.biz:te0725_100_2c:part0:1.0 available at C:/Users/keanu/AppData/Roaming/Xilinx/Vivado/2019.1/xhub/board_store/XilinxBoardStore/Vivado/2019.1/boards/Trenz_Electronic/TE0725_100_2C/1.0/1.0/board.xml as part xc7a100tcsg324-2 specified in board_part file is either invalid or not available
WARNING: [Board 49-26] cannot add Board Part trenz.biz:te0725_100_2i:part0:1.0 available at C:/Users/keanu/AppData/Roaming/Xilinx/Vivado/2019.1/xhub/board_store/XilinxBoardStore/Vivado/2019.1/boards/Trenz_Electronic/TE0725_100_2I/1.0/1.0/board.xml as part xc7a100tcsg324-2 specified in board_part file is either invalid or not available
WARNING: [Board 49-26] cannot add Board Part trenz.biz:te0725_15_1c:part0:1.0 available at C:/Users/keanu/AppData/Roaming/Xilinx/Vivado/2019.1/xhub/board_store/XilinxBoardStore/Vivado/2019.1/boards/Trenz_Electronic/TE0725_15_1C/1.0/1.0/board.xml as part xc7a15tcsg324-1 specified in board_part file is either invalid or not available
WARNING: [Board 49-26] cannot add Board Part trenz.biz:te0725_35_2c:part0:1.0 available at C:/Users/keanu/AppData/Roaming/Xilinx/Vivado/2019.1/xhub/board_store/XilinxBoardStore/Vivado/2019.1/boards/Trenz_Electronic/TE0725_35_2C/1.0/1.0/board.xml as part xc7a35tcsg324-2 specified in board_part file is either invalid or not available
WARNING: [Board 49-26] cannot add Board Part trenz.biz:te0725lp_100:part0:1.0 available at C:/Users/keanu/AppData/Roaming/Xilinx/Vivado/2019.1/xhub/board_store/XilinxBoardStore/Vivado/2019.1/boards/Trenz_Electronic/TE0725LP/1.0/1.0/board.xml as part xc7a100tcsg324-2 specified in board_part file is either invalid or not available
WARNING: [Board 49-26] cannot add Board Part trenz.biz:te0803_2cg_1e:part0:1.0 available at C:/Users/keanu/AppData/Roaming/Xilinx/Vivado/2019.1/xhub/board_store/XilinxBoardStore/Vivado/2019.1/boards/Trenz_Electronic/TE0803_2CG_1E/1.0/1.0/board.xml as part xczu2cg-sfvc784-1-e specified in board_part file is either invalid or not available
WARNING: [Board 49-26] cannot add Board Part trenz.biz:te0803_2cg_1e_tebf0808:part0:2.0 available at C:/Users/keanu/AppData/Roaming/Xilinx/Vivado/2019.1/xhub/board_store/XilinxBoardStore/Vivado/2019.1/boards/Trenz_Electronic/TE0803_2CG_1E/2.0/2.0/board.xml as part xczu2cg-sfvc784-1-e specified in board_part file is either invalid or not available
WARNING: [Board 49-26] cannot add Board Part trenz.biz:te0803_2eg_1e:part0:1.0 available at C:/Users/keanu/AppData/Roaming/Xilinx/Vivado/2019.1/xhub/board_store/XilinxBoardStore/Vivado/2019.1/boards/Trenz_Electronic/TE0803_2EG_1E/1.0/1.0/board.xml as part xczu2eg-sfvc784-1-e specified in board_part file is either invalid or not available
WARNING: [Board 49-26] cannot add Board Part trenz.biz:te0803_2eg_1e_tebf0808:part0:2.0 available at C:/Users/keanu/AppData/Roaming/Xilinx/Vivado/2019.1/xhub/board_store/XilinxBoardStore/Vivado/2019.1/boards/Trenz_Electronic/TE0803_2EG_1E/2.0/2.0/board.xml as part xczu2eg-sfvc784-1-e specified in board_part file is either invalid or not available
WARNING: [Board 49-26] cannot add Board Part trenz.biz:te0803_3cg_1e:part0:1.0 available at C:/Users/keanu/AppData/Roaming/Xilinx/Vivado/2019.1/xhub/board_store/XilinxBoardStore/Vivado/2019.1/boards/Trenz_Electronic/TE0803_3CG_1E/1.0/1.0/board.xml as part xczu3cg-sfvc784-1-e specified in board_part file is either invalid or not available
WARNING: [Board 49-26] cannot add Board Part trenz.biz:te0803_3cg_1e_tebf0808:part0:2.0 available at C:/Users/keanu/AppData/Roaming/Xilinx/Vivado/2019.1/xhub/board_store/XilinxBoardStore/Vivado/2019.1/boards/Trenz_Electronic/TE0803_3CG_1E/2.0/2.0/board.xml as part xczu3cg-sfvc784-1-e specified in board_part file is either invalid or not available
WARNING: [Board 49-26] cannot add Board Part trenz.biz:te0803_3eg_1e:part0:1.0 available at C:/Users/keanu/AppData/Roaming/Xilinx/Vivado/2019.1/xhub/board_store/XilinxBoardStore/Vivado/2019.1/boards/Trenz_Electronic/TE0803_3EG_1E/1.0/1.0/board.xml as part xczu3eg-sfvc784-1-e specified in board_part file is either invalid or not available
WARNING: [Board 49-26] cannot add Board Part trenz.biz:te0803_3eg_1e:part0:3.0 available at C:/Users/keanu/AppData/Roaming/Xilinx/Vivado/2019.1/xhub/board_store/XilinxBoardStore/Vivado/2019.1/boards/Trenz_Electronic/TE0803_3EG_1E/3.0/3.0/board.xml as part xczu3eg-sfvc784-1-e specified in board_part file is either invalid or not available
WARNING: [Board 49-26] cannot add Board Part trenz.biz:te0803_3eg_1e_tebf0808:part0:2.0 available at C:/Users/keanu/AppData/Roaming/Xilinx/Vivado/2019.1/xhub/board_store/XilinxBoardStore/Vivado/2019.1/boards/Trenz_Electronic/TE0803_3EG_1E/2.0/2.0/board.xml as part xczu3eg-sfvc784-1-e specified in board_part file is either invalid or not available
WARNING: [Board 49-26] cannot add Board Part trenz.biz:te0803_3eg_1e_tebf0808:part0:4.0 available at C:/Users/keanu/AppData/Roaming/Xilinx/Vivado/2019.1/xhub/board_store/XilinxBoardStore/Vivado/2019.1/boards/Trenz_Electronic/TE0803_3EG_1E/4.0/4.0/board.xml as part xczu3eg-sfvc784-1-e specified in board_part file is either invalid or not available
WARNING: [Board 49-26] cannot add Board Part trenz.biz:te0803_4cg_1e:part0:1.0 available at C:/Users/keanu/AppData/Roaming/Xilinx/Vivado/2019.1/xhub/board_store/XilinxBoardStore/Vivado/2019.1/boards/Trenz_Electronic/TE0803_4CG_1E/1.0/1.0/board.xml as part xczu4cg-sfvc784-1-e specified in board_part file is either invalid or not available
WARNING: [Board 49-26] cannot add Board Part trenz.biz:te0803_4cg_1e_tebf0808:part0:2.0 available at C:/Users/keanu/AppData/Roaming/Xilinx/Vivado/2019.1/xhub/board_store/XilinxBoardStore/Vivado/2019.1/boards/Trenz_Electronic/TE0803_4CG_1E/2.0/2.0/board.xml as part xczu4cg-sfvc784-1-e specified in board_part file is either invalid or not available
WARNING: [Board 49-26] cannot add Board Part trenz.biz:te0803_4eg_1e:part0:1.0 available at C:/Users/keanu/AppData/Roaming/Xilinx/Vivado/2019.1/xhub/board_store/XilinxBoardStore/Vivado/2019.1/boards/Trenz_Electronic/TE0803_4EG_1E/1.0/1.0/board.xml as part xczu4eg-sfvc784-1-e specified in board_part file is either invalid or not available
WARNING: [Board 49-26] cannot add Board Part trenz.biz:te0803_4eg_1e_tebf0808:part0:2.0 available at C:/Users/keanu/AppData/Roaming/Xilinx/Vivado/2019.1/xhub/board_store/XilinxBoardStore/Vivado/2019.1/.staging/boards/Trenz_Electronic/TE0803_4EG_1E/2.0/board.xml as part xczu4eg-sfvc784-1-e specified in board_part file is either invalid or not available
WARNING: [Board 49-26] cannot add Board Part digilentinc.com:arty-a7-100:part0:1.0 available at C:/Users/keanu/AppData/Roaming/Xilinx/Vivado/2019.1/xhub/board_store/XilinxBoardStore/Vivado/2019.1/boards/Digilent/arty-a7-100/E.0/1.0/board.xml as part xc7a100tcsg324-1 specified in board_part file is either invalid or not available
WARNING: [Board 49-26] cannot add Board Part digilentinc.com:arty-a7-35:part0:1.0 available at C:/Users/keanu/AppData/Roaming/Xilinx/Vivado/2019.1/xhub/board_store/XilinxBoardStore/Vivado/2019.1/boards/Digilent/arty-a7-35/E.0/1.0/board.xml as part xc7a35ticsg324-1l specified in board_part file is either invalid or not available
WARNING: [Board 49-26] cannot add Board Part digilentinc.com:arty-s7-25:part0:1.0 available at C:/Users/keanu/AppData/Roaming/Xilinx/Vivado/2019.1/xhub/board_store/XilinxBoardStore/Vivado/2019.1/boards/Digilent/arty-s7-25/E.0/1.0/board.xml as part xc7s25csga324-1 specified in board_part file is either invalid or not available
WARNING: [Board 49-26] cannot add Board Part digilentinc.com:arty-s7-50:part0:1.0 available at C:/Users/keanu/AppData/Roaming/Xilinx/Vivado/2019.1/xhub/board_store/XilinxBoardStore/Vivado/2019.1/boards/Digilent/arty-s7-50/B.0/1.0/board.xml as part xc7s50csga324-1 specified in board_part file is either invalid or not available
WARNING: [Board 49-26] cannot add Board Part digilentinc.com:arty:part0:1.1 available at C:/Users/keanu/AppData/Roaming/Xilinx/Vivado/2019.1/xhub/board_store/XilinxBoardStore/Vivado/2019.1/boards/Digilent/arty/C.0/1.1/board.xml as part xc7a35ticsg324-1l specified in board_part file is either invalid or not available
WARNING: [Board 49-26] cannot add Board Part digilentinc.com:basys3:part0:1.1 available at C:/Users/keanu/AppData/Roaming/Xilinx/Vivado/2019.1/xhub/board_store/XilinxBoardStore/Vivado/2019.1/boards/Digilent/basys3/C.0/1.1/board.xml as part xc7a35tcpg236-1 specified in board_part file is either invalid or not available
WARNING: [Board 49-26] cannot add Board Part digilentinc.com:cmod-s7-25:part0:1.0 available at C:/Users/keanu/AppData/Roaming/Xilinx/Vivado/2019.1/xhub/board_store/XilinxBoardStore/Vivado/2019.1/boards/Digilent/cmod-s7-25/B.0/1.0/board.xml as part xc7s25csga225-1 specified in board_part file is either invalid or not available
WARNING: [Board 49-26] cannot add Board Part digilentinc.com:cmod_a7-15t:part0:1.1 available at C:/Users/keanu/AppData/Roaming/Xilinx/Vivado/2019.1/xhub/board_store/XilinxBoardStore/Vivado/2019.1/boards/Digilent/cmod_a7-15t/B.0/1.1/board.xml as part xc7a15tcpg236-1 specified in board_part file is either invalid or not available
WARNING: [Board 49-26] cannot add Board Part digilentinc.com:cmod_a7-35t:part0:1.1 available at C:/Users/keanu/AppData/Roaming/Xilinx/Vivado/2019.1/xhub/board_store/XilinxBoardStore/Vivado/2019.1/boards/Digilent/cmod_a7-35t/B.0/1.1/board.xml as part xc7a35tcpg236-1 specified in board_part file is either invalid or not available
WARNING: [Board 49-26] cannot add Board Part digilentinc.com:genesys2:part0:1.1 available at C:/Users/keanu/AppData/Roaming/Xilinx/Vivado/2019.1/xhub/board_store/XilinxBoardStore/Vivado/2019.1/boards/Digilent/genesys2/H/1.1/board.xml as part xc7k325tffg900-2 specified in board_part file is either invalid or not available
WARNING: [Board 49-26] cannot add Board Part digilentinc.com:nexys4:part0:1.1 available at C:/Users/keanu/AppData/Roaming/Xilinx/Vivado/2019.1/xhub/board_store/XilinxBoardStore/Vivado/2019.1/boards/Digilent/nexys4/B.1/1.1/board.xml as part xc7a100tcsg324-1 specified in board_part file is either invalid or not available
WARNING: [Board 49-26] cannot add Board Part digilentinc.com:nexys4_ddr:part0:1.1 available at C:/Users/keanu/AppData/Roaming/Xilinx/Vivado/2019.1/xhub/board_store/XilinxBoardStore/Vivado/2019.1/boards/Digilent/nexys4_ddr/C.1/1.1/board.xml as part xc7a100tcsg324-1 specified in board_part file is either invalid or not available
WARNING: [Board 49-26] cannot add Board Part digilentinc.com:nexys_video:part0:1.1 available at C:/Users/keanu/AppData/Roaming/Xilinx/Vivado/2019.1/xhub/board_store/XilinxBoardStore/Vivado/2019.1/boards/Digilent/nexys_video/A.0/1.1/board.xml as part xc7a200tsbg484-1 specified in board_part file is either invalid or not available
WARNING: [Board 49-26] cannot add Board Part digilentinc.com:sword:part0:1.0 available at C:/Users/keanu/AppData/Roaming/Xilinx/Vivado/2019.1/xhub/board_store/XilinxBoardStore/Vivado/2019.1/boards/Digilent/sword/C.0/1.0/board.xml as part xc7k325tffg900-2 specified in board_part file is either invalid or not available
WARNING: [Board 49-26] cannot add Board Part em.avnet.com:ultra96:part0:1.2 available at C:/Users/keanu/AppData/Roaming/Xilinx/Vivado/2019.1/xhub/board_store/XilinxBoardStore/Vivado/2019.1/boards/Avnet/ultra96/1.2/1.2/board.xml as part xczu3eg-sbva484-1-e specified in board_part file is either invalid or not available
WARNING: [Board 49-26] cannot add Board Part trenz.biz:te0712_100_1i:part0:1.0 available at C:/Users/keanu/AppData/Roaming/Xilinx/Vivado/2019.1/xhub/board_store/XilinxBoardStore/Vivado/2019.1/boards/Trenz_Electronic/TE0712_100_1I/1.0/1.0/board.xml as part xc7a100tfgg484-1 specified in board_part file is either invalid or not available
WARNING: [Board 49-26] cannot add Board Part trenz.biz:te0712_100_2c:part0:1.0 available at C:/Users/keanu/AppData/Roaming/Xilinx/Vivado/2019.1/xhub/board_store/XilinxBoardStore/Vivado/2019.1/boards/Trenz_Electronic/TE0712_100_2C/1.0/1.0/board.xml as part xc7a100tfgg484-2 specified in board_part file is either invalid or not available
WARNING: [Board 49-26] cannot add Board Part trenz.biz:te0712_100_2c:part0:2.0 available at C:/Users/keanu/AppData/Roaming/Xilinx/Vivado/2019.1/xhub/board_store/XilinxBoardStore/Vivado/2019.1/boards/Trenz_Electronic/TE0712_100_2C/2.0/2.0/board.xml as part xc7a100tfgg484-2 specified in board_part file is either invalid or not available
WARNING: [Board 49-26] cannot add Board Part trenz.biz:te0712_200_1i:part0:1.0 available at C:/Users/keanu/AppData/Roaming/Xilinx/Vivado/2019.1/xhub/board_store/XilinxBoardStore/Vivado/2019.1/boards/Trenz_Electronic/TE0712_200_1I/1.0/1.0/board.xml as part xc7a200tfbg484-1 specified in board_part file is either invalid or not available
WARNING: [Board 49-26] cannot add Board Part trenz.biz:te0712_200_2c:part0:1.0 available at C:/Users/keanu/AppData/Roaming/Xilinx/Vivado/2019.1/xhub/board_store/XilinxBoardStore/Vivado/2019.1/boards/Trenz_Electronic/TE0712_200_2C/1.0/1.0/board.xml as part xc7a200tfbg484-2 specified in board_part file is either invalid or not available
WARNING: [Board 49-26] cannot add Board Part trenz.biz:te0712_200_2i:part0:1.0 available at C:/Users/keanu/AppData/Roaming/Xilinx/Vivado/2019.1/xhub/board_store/XilinxBoardStore/Vivado/2019.1/boards/Trenz_Electronic/TE0712_200_2I/1.0/1.0/board.xml as part xc7a200tfbg484-2 specified in board_part file is either invalid or not available
WARNING: [Board 49-26] cannot add Board Part trenz.biz:te0712_35_2i:part0:1.0 available at C:/Users/keanu/AppData/Roaming/Xilinx/Vivado/2019.1/xhub/board_store/XilinxBoardStore/Vivado/2019.1/boards/Trenz_Electronic/TE0712_35_2I/1.0/1.0/board.xml as part xc7a35tfgg484-2 specified in board_part file is either invalid or not available
WARNING: [Board 49-26] cannot add Board Part trenz.biz:te0725_100_2c:part0:1.0 available at C:/Users/keanu/AppData/Roaming/Xilinx/Vivado/2019.1/xhub/board_store/XilinxBoardStore/Vivado/2019.1/boards/Trenz_Electronic/TE0725_100_2C/1.0/1.0/board.xml as part xc7a100tcsg324-2 specified in board_part file is either invalid or not available
WARNING: [Board 49-26] cannot add Board Part trenz.biz:te0725_100_2i:part0:1.0 available at C:/Users/keanu/AppData/Roaming/Xilinx/Vivado/2019.1/xhub/board_store/XilinxBoardStore/Vivado/2019.1/boards/Trenz_Electronic/TE0725_100_2I/1.0/1.0/board.xml as part xc7a100tcsg324-2 specified in board_part file is either invalid or not available
WARNING: [Board 49-26] cannot add Board Part trenz.biz:te0725_15_1c:part0:1.0 available at C:/Users/keanu/AppData/Roaming/Xilinx/Vivado/2019.1/xhub/board_store/XilinxBoardStore/Vivado/2019.1/boards/Trenz_Electronic/TE0725_15_1C/1.0/1.0/board.xml as part xc7a15tcsg324-1 specified in board_part file is either invalid or not available
WARNING: [Board 49-26] cannot add Board Part trenz.biz:te0725_35_2c:part0:1.0 available at C:/Users/keanu/AppData/Roaming/Xilinx/Vivado/2019.1/xhub/board_store/XilinxBoardStore/Vivado/2019.1/boards/Trenz_Electronic/TE0725_35_2C/1.0/1.0/board.xml as part xc7a35tcsg324-2 specified in board_part file is either invalid or not available
WARNING: [Board 49-26] cannot add Board Part trenz.biz:te0725lp_100:part0:1.0 available at C:/Users/keanu/AppData/Roaming/Xilinx/Vivado/2019.1/xhub/board_store/XilinxBoardStore/Vivado/2019.1/boards/Trenz_Electronic/TE0725LP/1.0/1.0/board.xml as part xc7a100tcsg324-2 specified in board_part file is either invalid or not available
WARNING: [Board 49-26] cannot add Board Part trenz.biz:te0803_2cg_1e:part0:1.0 available at C:/Users/keanu/AppData/Roaming/Xilinx/Vivado/2019.1/xhub/board_store/XilinxBoardStore/Vivado/2019.1/boards/Trenz_Electronic/TE0803_2CG_1E/1.0/1.0/board.xml as part xczu2cg-sfvc784-1-e specified in board_part file is either invalid or not available
WARNING: [Board 49-26] cannot add Board Part trenz.biz:te0803_2cg_1e_tebf0808:part0:2.0 available at C:/Users/keanu/AppData/Roaming/Xilinx/Vivado/2019.1/xhub/board_store/XilinxBoardStore/Vivado/2019.1/boards/Trenz_Electronic/TE0803_2CG_1E/2.0/2.0/board.xml as part xczu2cg-sfvc784-1-e specified in board_part file is either invalid or not available
WARNING: [Board 49-26] cannot add Board Part trenz.biz:te0803_2eg_1e:part0:1.0 available at C:/Users/keanu/AppData/Roaming/Xilinx/Vivado/2019.1/xhub/board_store/XilinxBoardStore/Vivado/2019.1/boards/Trenz_Electronic/TE0803_2EG_1E/1.0/1.0/board.xml as part xczu2eg-sfvc784-1-e specified in board_part file is either invalid or not available
WARNING: [Board 49-26] cannot add Board Part trenz.biz:te0803_2eg_1e_tebf0808:part0:2.0 available at C:/Users/keanu/AppData/Roaming/Xilinx/Vivado/2019.1/xhub/board_store/XilinxBoardStore/Vivado/2019.1/boards/Trenz_Electronic/TE0803_2EG_1E/2.0/2.0/board.xml as part xczu2eg-sfvc784-1-e specified in board_part file is either invalid or not available
WARNING: [Board 49-26] cannot add Board Part trenz.biz:te0803_3cg_1e:part0:1.0 available at C:/Users/keanu/AppData/Roaming/Xilinx/Vivado/2019.1/xhub/board_store/XilinxBoardStore/Vivado/2019.1/boards/Trenz_Electronic/TE0803_3CG_1E/1.0/1.0/board.xml as part xczu3cg-sfvc784-1-e specified in board_part file is either invalid or not available
WARNING: [Board 49-26] cannot add Board Part trenz.biz:te0803_3cg_1e_tebf0808:part0:2.0 available at C:/Users/keanu/AppData/Roaming/Xilinx/Vivado/2019.1/xhub/board_store/XilinxBoardStore/Vivado/2019.1/boards/Trenz_Electronic/TE0803_3CG_1E/2.0/2.0/board.xml as part xczu3cg-sfvc784-1-e specified in board_part file is either invalid or not available
WARNING: [Board 49-26] cannot add Board Part trenz.biz:te0803_3eg_1e:part0:1.0 available at C:/Users/keanu/AppData/Roaming/Xilinx/Vivado/2019.1/xhub/board_store/XilinxBoardStore/Vivado/2019.1/boards/Trenz_Electronic/TE0803_3EG_1E/1.0/1.0/board.xml as part xczu3eg-sfvc784-1-e specified in board_part file is either invalid or not available
WARNING: [Board 49-26] cannot add Board Part trenz.biz:te0803_3eg_1e:part0:3.0 available at C:/Users/keanu/AppData/Roaming/Xilinx/Vivado/2019.1/xhub/board_store/XilinxBoardStore/Vivado/2019.1/boards/Trenz_Electronic/TE0803_3EG_1E/3.0/3.0/board.xml as part xczu3eg-sfvc784-1-e specified in board_part file is either invalid or not available
WARNING: [Board 49-26] cannot add Board Part trenz.biz:te0803_3eg_1e_tebf0808:part0:2.0 available at C:/Users/keanu/AppData/Roaming/Xilinx/Vivado/2019.1/xhub/board_store/XilinxBoardStore/Vivado/2019.1/boards/Trenz_Electronic/TE0803_3EG_1E/2.0/2.0/board.xml as part xczu3eg-sfvc784-1-e specified in board_part file is either invalid or not available
WARNING: [Board 49-26] cannot add Board Part trenz.biz:te0803_3eg_1e_tebf0808:part0:4.0 available at C:/Users/keanu/AppData/Roaming/Xilinx/Vivado/2019.1/xhub/board_store/XilinxBoardStore/Vivado/2019.1/boards/Trenz_Electronic/TE0803_3EG_1E/4.0/4.0/board.xml as part xczu3eg-sfvc784-1-e specified in board_part file is either invalid or not available
WARNING: [Board 49-26] cannot add Board Part trenz.biz:te0803_4cg_1e:part0:1.0 available at C:/Users/keanu/AppData/Roaming/Xilinx/Vivado/2019.1/xhub/board_store/XilinxBoardStore/Vivado/2019.1/boards/Trenz_Electronic/TE0803_4CG_1E/1.0/1.0/board.xml as part xczu4cg-sfvc784-1-e specified in board_part file is either invalid or not available
WARNING: [Board 49-26] cannot add Board Part trenz.biz:te0803_4cg_1e_tebf0808:part0:2.0 available at C:/Users/keanu/AppData/Roaming/Xilinx/Vivado/2019.1/xhub/board_store/XilinxBoardStore/Vivado/2019.1/boards/Trenz_Electronic/TE0803_4CG_1E/2.0/2.0/board.xml as part xczu4cg-sfvc784-1-e specified in board_part file is either invalid or not available
WARNING: [Board 49-26] cannot add Board Part trenz.biz:te0803_4eg_1e:part0:1.0 available at C:/Users/keanu/AppData/Roaming/Xilinx/Vivado/2019.1/xhub/board_store/XilinxBoardStore/Vivado/2019.1/boards/Trenz_Electronic/TE0803_4EG_1E/1.0/1.0/board.xml as part xczu4eg-sfvc784-1-e specified in board_part file is either invalid or not available
WARNING: [Board 49-26] cannot add Board Part trenz.biz:te0803_4eg_1e_tebf0808:part0:2.0 available at C:/Users/keanu/AppData/Roaming/Xilinx/Vivado/2019.1/xhub/board_store/XilinxBoardStore/Vivado/2019.1/.staging/boards/Trenz_Electronic/TE0803_4EG_1E/2.0/board.xml as part xczu4eg-sfvc784-1-e specified in board_part file is either invalid or not available
WARNING: [Board 49-26] cannot add Board Part digilentinc.com:arty-a7-100:part0:1.0 available at C:/Users/keanu/AppData/Roaming/Xilinx/Vivado/2019.1/xhub/board_store/XilinxBoardStore/Vivado/2019.1/boards/Digilent/arty-a7-100/E.0/1.0/board.xml as part xc7a100tcsg324-1 specified in board_part file is either invalid or not available
WARNING: [Board 49-26] cannot add Board Part digilentinc.com:arty-a7-35:part0:1.0 available at C:/Users/keanu/AppData/Roaming/Xilinx/Vivado/2019.1/xhub/board_store/XilinxBoardStore/Vivado/2019.1/boards/Digilent/arty-a7-35/E.0/1.0/board.xml as part xc7a35ticsg324-1l specified in board_part file is either invalid or not available
WARNING: [Board 49-26] cannot add Board Part digilentinc.com:arty-s7-25:part0:1.0 available at C:/Users/keanu/AppData/Roaming/Xilinx/Vivado/2019.1/xhub/board_store/XilinxBoardStore/Vivado/2019.1/boards/Digilent/arty-s7-25/E.0/1.0/board.xml as part xc7s25csga324-1 specified in board_part file is either invalid or not available
WARNING: [Board 49-26] cannot add Board Part digilentinc.com:arty-s7-50:part0:1.0 available at C:/Users/keanu/AppData/Roaming/Xilinx/Vivado/2019.1/xhub/board_store/XilinxBoardStore/Vivado/2019.1/boards/Digilent/arty-s7-50/B.0/1.0/board.xml as part xc7s50csga324-1 specified in board_part file is either invalid or not available
WARNING: [Board 49-26] cannot add Board Part digilentinc.com:arty:part0:1.1 available at C:/Users/keanu/AppData/Roaming/Xilinx/Vivado/2019.1/xhub/board_store/XilinxBoardStore/Vivado/2019.1/boards/Digilent/arty/C.0/1.1/board.xml as part xc7a35ticsg324-1l specified in board_part file is either invalid or not available
WARNING: [Board 49-26] cannot add Board Part digilentinc.com:basys3:part0:1.1 available at C:/Users/keanu/AppData/Roaming/Xilinx/Vivado/2019.1/xhub/board_store/XilinxBoardStore/Vivado/2019.1/boards/Digilent/basys3/C.0/1.1/board.xml as part xc7a35tcpg236-1 specified in board_part file is either invalid or not available
WARNING: [Board 49-26] cannot add Board Part digilentinc.com:cmod-s7-25:part0:1.0 available at C:/Users/keanu/AppData/Roaming/Xilinx/Vivado/2019.1/xhub/board_store/XilinxBoardStore/Vivado/2019.1/boards/Digilent/cmod-s7-25/B.0/1.0/board.xml as part xc7s25csga225-1 specified in board_part file is either invalid or not available
WARNING: [Board 49-26] cannot add Board Part digilentinc.com:cmod_a7-15t:part0:1.1 available at C:/Users/keanu/AppData/Roaming/Xilinx/Vivado/2019.1/xhub/board_store/XilinxBoardStore/Vivado/2019.1/boards/Digilent/cmod_a7-15t/B.0/1.1/board.xml as part xc7a15tcpg236-1 specified in board_part file is either invalid or not available
WARNING: [Board 49-26] cannot add Board Part digilentinc.com:cmod_a7-35t:part0:1.1 available at C:/Users/keanu/AppData/Roaming/Xilinx/Vivado/2019.1/xhub/board_store/XilinxBoardStore/Vivado/2019.1/boards/Digilent/cmod_a7-35t/B.0/1.1/board.xml as part xc7a35tcpg236-1 specified in board_part file is either invalid or not available
WARNING: [Board 49-26] cannot add Board Part digilentinc.com:genesys2:part0:1.1 available at C:/Users/keanu/AppData/Roaming/Xilinx/Vivado/2019.1/xhub/board_store/XilinxBoardStore/Vivado/2019.1/boards/Digilent/genesys2/H/1.1/board.xml as part xc7k325tffg900-2 specified in board_part file is either invalid or not available
WARNING: [Board 49-26] cannot add Board Part digilentinc.com:nexys4:part0:1.1 available at C:/Users/keanu/AppData/Roaming/Xilinx/Vivado/2019.1/xhub/board_store/XilinxBoardStore/Vivado/2019.1/boards/Digilent/nexys4/B.1/1.1/board.xml as part xc7a100tcsg324-1 specified in board_part file is either invalid or not available
WARNING: [Board 49-26] cannot add Board Part digilentinc.com:nexys4_ddr:part0:1.1 available at C:/Users/keanu/AppData/Roaming/Xilinx/Vivado/2019.1/xhub/board_store/XilinxBoardStore/Vivado/2019.1/boards/Digilent/nexys4_ddr/C.1/1.1/board.xml as part xc7a100tcsg324-1 specified in board_part file is either invalid or not available
WARNING: [Board 49-26] cannot add Board Part digilentinc.com:nexys_video:part0:1.1 available at C:/Users/keanu/AppData/Roaming/Xilinx/Vivado/2019.1/xhub/board_store/XilinxBoardStore/Vivado/2019.1/boards/Digilent/nexys_video/A.0/1.1/board.xml as part xc7a200tsbg484-1 specified in board_part file is either invalid or not available
WARNING: [Board 49-26] cannot add Board Part digilentinc.com:sword:part0:1.0 available at C:/Users/keanu/AppData/Roaming/Xilinx/Vivado/2019.1/xhub/board_store/XilinxBoardStore/Vivado/2019.1/boards/Digilent/sword/C.0/1.0/board.xml as part xc7k325tffg900-2 specified in board_part file is either invalid or not available
WARNING: [Board 49-26] cannot add Board Part em.avnet.com:ultra96:part0:1.2 available at C:/Users/keanu/AppData/Roaming/Xilinx/Vivado/2019.1/xhub/board_store/XilinxBoardStore/Vivado/2019.1/boards/Avnet/ultra96/1.2/1.2/board.xml as part xczu3eg-sbva484-1-e specified in board_part file is either invalid or not available
WARNING: [Board 49-26] cannot add Board Part trenz.biz:te0712_100_1i:part0:1.0 available at C:/Users/keanu/AppData/Roaming/Xilinx/Vivado/2019.1/xhub/board_store/XilinxBoardStore/Vivado/2019.1/boards/Trenz_Electronic/TE0712_100_1I/1.0/1.0/board.xml as part xc7a100tfgg484-1 specified in board_part file is either invalid or not available
WARNING: [Board 49-26] cannot add Board Part trenz.biz:te0712_100_2c:part0:1.0 available at C:/Users/keanu/AppData/Roaming/Xilinx/Vivado/2019.1/xhub/board_store/XilinxBoardStore/Vivado/2019.1/boards/Trenz_Electronic/TE0712_100_2C/1.0/1.0/board.xml as part xc7a100tfgg484-2 specified in board_part file is either invalid or not available
WARNING: [Board 49-26] cannot add Board Part trenz.biz:te0712_100_2c:part0:2.0 available at C:/Users/keanu/AppData/Roaming/Xilinx/Vivado/2019.1/xhub/board_store/XilinxBoardStore/Vivado/2019.1/boards/Trenz_Electronic/TE0712_100_2C/2.0/2.0/board.xml as part xc7a100tfgg484-2 specified in board_part file is either invalid or not available
INFO: [Common 17-14] Message 'Board 49-26' appears 100 times and further instances of the messages will be disabled. Use the Tcl command set_msg_config to change the current settings.
startgroup
set_property -dict [list CONFIG.C_ALL_INPUTS {1} CONFIG.GPIO_BOARD_INTERFACE {sws_4bits}] [get_bd_cells axi_gpio_2]
endgroup
startgroup
set_property -dict [list CONFIG.C_IS_DUAL {0}] [get_bd_cells axi_gpio_2]
delete_bd_objs [get_bd_intf_nets axi_gpio_2_GPIO2]
endgroup
delete_bd_objs [get_bd_intf_ports gpio_rtl_0]
set_property location {2381 458} [get_bd_intf_ports gpio_rtl]
save_bd_design
Wrote  : <D:\EBAES\assignments\ABAES-miniProject-graphicsRenderer\GraphicRenderer\GraphicRenderer.srcs\sources_1\bd\mainBD\mainBD.bd> 
Wrote  : <D:/EBAES/assignments/ABAES-miniProject-graphicsRenderer/GraphicRenderer/GraphicRenderer.srcs/sources_1/bd/mainBD/ui/bd_fcfebdbb.ui> 
exit
INFO: [Common 17-206] Exiting Vivado at Mon Oct  4 16:03:13 2021...
